<?xml version="1.0" encoding="UTF-8"?>
<!-- Generated by org.testng.reporters.JUnitReportReporter -->
<testsuite hostname="Annam" failures="0" tests="1" name="Test.VerifyProjects" time="39.317" errors="0" timestamp="2024-12-16T11:04:03 IST" skipped="0">
  <testcase classname="Test.VerifyProjects" name="addprojects" time="39.317"/>
</testsuite> <!-- Test.VerifyProjects -->
