<?xml version="1.0" encoding="UTF-8"?>
<!-- Generated by org.testng.reporters.JUnitReportReporter -->
<testsuite hostname="Annam" failures="0" tests="1" name="Test.VerifyUserPage" time="22.999" errors="0" timestamp="2024-12-16T13:58:11 IST" skipped="0">
  <testcase classname="Test.VerifyUserPage" name="adduser" time="22.999"/>
</testsuite> <!-- Test.VerifyUserPage -->
