<?xml version="1.0" encoding="UTF-8"?>
<!-- Generated by org.testng.reporters.JUnitReportReporter -->
<testsuite hostname="Annam" failures="0" tests="1" name="Test.VerifyTasks" time="11.422" errors="0" timestamp="2024-12-17T23:38:01 IST" skipped="0">
  <testcase classname="Test.VerifyTasks" name="ADDTASKS" time="11.422"/>
</testsuite> <!-- Test.VerifyTasks -->
