<?xml version="1.0" encoding="UTF-8"?>
<!-- Generated by org.testng.reporters.JUnitReportReporter -->
<testsuite hostname="Annam" failures="0" tests="1" name="Test.VerifyProjects" time="33.972" errors="0" timestamp="2024-12-18T00:33:09 IST" skipped="0">
  <testcase classname="Test.VerifyProjects" name="addprojects" time="33.972"/>
</testsuite> <!-- Test.VerifyProjects -->
