<?xml version="1.0" encoding="UTF-8"?>
<!-- Generated by org.testng.reporters.JUnitReportReporter -->
<testsuite hostname="Annam" failures="0" tests="1" name="Test.VerifyProjects" time="40.255" errors="0" timestamp="2024-12-13T21:52:16 IST" skipped="0">
  <testcase classname="Test.VerifyProjects" name="addprojects" time="40.255"/>
</testsuite> <!-- Test.VerifyProjects -->
