<?xml version="1.0" encoding="UTF-8"?>
<!-- Generated by org.testng.reporters.JUnitReportReporter -->
<testsuite hostname="Annam" failures="0" tests="1" name="Test.VerifyUserPage" time="47.252" errors="0" timestamp="2024-12-12T13:13:22 IST" skipped="0">
  <testcase classname="Test.VerifyUserPage" name="adduser" time="47.252"/>
</testsuite> <!-- Test.VerifyUserPage -->
