<?xml version="1.0" encoding="UTF-8"?>
<!-- Generated by org.testng.reporters.JUnitReportReporter -->
<testsuite hostname="Annam" failures="0" tests="1" name="Test.VerifyProjects" time="36.268" errors="0" timestamp="2024-12-17T14:08:08 IST" skipped="0">
  <testcase classname="Test.VerifyProjects" name="addprojects" time="36.268"/>
</testsuite> <!-- Test.VerifyProjects -->
