<?xml version="1.0" encoding="UTF-8"?>
<!-- Generated by org.testng.reporters.JUnitReportReporter -->
<testsuite hostname="Annam" failures="0" tests="1" name="Test.VerifyLeavePage" time="0.000" errors="0" timestamp="2024-11-30T07:13:32 IST" skipped="1">
  <testcase classname="Test.VerifyLeavePage" name="addleave" time="0.000">
    <skipped/>
  </testcase> <!-- addleave -->
</testsuite> <!-- Test.VerifyLeavePage -->
