<?xml version="1.0" encoding="UTF-8"?>
<!-- Generated by org.testng.reporters.JUnitReportReporter -->
<testsuite hostname="Annam" failures="0" tests="1" name="Test.VerifyLoginPage" time="5.715" errors="0" timestamp="2024-12-13T21:52:16 IST" skipped="0">
  <testcase classname="Test.VerifyLoginPage" name="loginpage" time="5.715"/>
</testsuite> <!-- Test.VerifyLoginPage -->
