<?xml version="1.0" encoding="UTF-8"?>
<!-- Generated by org.testng.reporters.JUnitReportReporter -->
<testsuite hostname="Annam" failures="0" tests="1" name="Test.VerifyJobTitlePage" time="1.237" errors="0" timestamp="2024-12-02T22:03:09 IST" skipped="0">
  <testcase classname="Test.VerifyJobTitlePage" name="JOB" time="1.237"/>
</testsuite> <!-- Test.VerifyJobTitlePage -->
