<?xml version="1.0" encoding="UTF-8"?>
<!-- Generated by org.testng.reporters.JUnitReportReporter -->
<testsuite hostname="Annam" failures="0" tests="1" name="Test.VerifyLoginPage" time="8.634" errors="0" timestamp="2024-12-18T00:33:09 IST" skipped="0">
  <testcase classname="Test.VerifyLoginPage" name="loginpage" time="8.634"/>
</testsuite> <!-- Test.VerifyLoginPage -->
