<?xml version="1.0" encoding="UTF-8"?>
<!-- Generated by org.testng.reporters.JUnitReportReporter -->
<testsuite hostname="Annam" failures="0" tests="1" name="Test.VerifyJobPage" time="29.955" errors="0" timestamp="2024-12-18T12:53:17 IST" skipped="0">
  <testcase classname="Test.VerifyJobPage" name="JOB" time="29.955"/>
</testsuite> <!-- Test.VerifyJobPage -->
