<?xml version="1.0" encoding="UTF-8"?>
<!-- Generated by org.testng.reporters.JUnitReportReporter -->
<testsuite hostname="Annam" failures="0" tests="1" name="Test.VerifyLoginPage" time="7.856" errors="0" timestamp="2024-12-16T13:58:11 IST" skipped="0">
  <testcase classname="Test.VerifyLoginPage" name="loginpage" time="7.856"/>
</testsuite> <!-- Test.VerifyLoginPage -->
