<?xml version="1.0" encoding="UTF-8"?>
<!-- Generated by org.testng.reporters.JUnitReportReporter -->
<testsuite hostname="Annam" failures="0" tests="1" name="Test.VerifyUserPage" time="12.286" errors="0" timestamp="2024-12-14T16:35:49 IST" skipped="0">
  <testcase classname="Test.VerifyUserPage" name="adduser" time="12.286"/>
</testsuite> <!-- Test.VerifyUserPage -->
