<?xml version="1.0" encoding="UTF-8"?>
<!-- Generated by org.testng.reporters.JUnitReportReporter -->
<testsuite hostname="Annam" failures="0" tests="1" name="Test.VerifyDepartmentPage" time="0.000" errors="0" timestamp="2024-12-12T13:04:33 IST" skipped="1">
  <testcase classname="Test.VerifyDepartmentPage" name="AddDeparartment" time="0.000">
    <skipped/>
  </testcase> <!-- AddDeparartment -->
</testsuite> <!-- Test.VerifyDepartmentPage -->
