<?xml version="1.0" encoding="UTF-8"?>
<!-- Generated by org.testng.reporters.JUnitReportReporter -->
<testsuite hostname="Annam" failures="0" tests="1" name="Test.VerifyLoginPage" time="6.535" errors="0" timestamp="2024-12-18T12:53:17 IST" skipped="0">
  <testcase classname="Test.VerifyLoginPage" name="loginpage" time="6.535"/>
</testsuite> <!-- Test.VerifyLoginPage -->
