<?xml version="1.0" encoding="UTF-8"?>
<!-- Generated by org.testng.reporters.JUnitReportReporter -->
<testsuite hostname="Annam" failures="0" tests="1" name="Test.VerifyLoginPage" time="5.570" errors="0" timestamp="2024-12-13T21:06:23 IST" skipped="0">
  <testcase classname="Test.VerifyLoginPage" name="loginpage" time="5.570"/>
</testsuite> <!-- Test.VerifyLoginPage -->
