<?xml version="1.0" encoding="UTF-8"?>
<!-- Generated by org.testng.reporters.JUnitReportReporter -->
<testsuite hostname="Annam" failures="0" tests="1" name="Test.VerifyTasks" time="13.227" errors="0" timestamp="2024-12-13T21:52:16 IST" skipped="0">
  <testcase classname="Test.VerifyTasks" name="ADDTASKS" time="13.227"/>
</testsuite> <!-- Test.VerifyTasks -->
