<?xml version="1.0" encoding="UTF-8"?>
<!-- Generated by org.testng.reporters.JUnitReportReporter -->
<testsuite hostname="Annam" failures="0" tests="1" name="Test.VerifyProjects" time="37.898" errors="0" timestamp="2024-12-10T22:48:29 IST" skipped="0">
  <testcase classname="Test.VerifyProjects" name="addprojects" time="37.898"/>
</testsuite> <!-- Test.VerifyProjects -->
