<?xml version="1.0" encoding="UTF-8"?>
<!-- Generated by org.testng.reporters.JUnitReportReporter -->
<testsuite hostname="Annam" failures="0" tests="1" name="Test.VerifyTasks" time="12.887" errors="0" timestamp="2024-12-17T10:43:47 IST" skipped="0">
  <testcase classname="Test.VerifyTasks" name="ADDTASKS" time="12.887"/>
</testsuite> <!-- Test.VerifyTasks -->
