<?xml version="1.0" encoding="UTF-8"?>
<!-- Generated by org.testng.reporters.JUnitReportReporter -->
<testsuite hostname="Annam" failures="0" tests="1" name="Test.VerifyProjects" time="38.357" errors="0" timestamp="2024-12-12T13:21:18 IST" skipped="0">
  <testcase classname="Test.VerifyProjects" name="addprojects" time="38.357"/>
</testsuite> <!-- Test.VerifyProjects -->
